The system is: Linux - 3.3.7-1-ARCH - x86_64
Compiling the C compiler identification source file "CMakeCCompilerId.c" succeeded.
Compiler: /usr/bin/gcc 
Build flags: 
Id flags: 

The output was:
0


Compilation of the C compiler identification source "CMakeCCompilerId.c" produced "a.out"

The C compiler identification is GNU, found in "/home/bumrang/PongOut/CMakeFiles/CompilerIdC/a.out"

Compiling the CXX compiler identification source file "CMakeCXXCompilerId.cpp" succeeded.
Compiler: /usr/bin/c++ 
Build flags: 
Id flags: 

The output was:
0


Compilation of the CXX compiler identification source "CMakeCXXCompilerId.cpp" produced "a.out"

The CXX compiler identification is GNU, found in "/home/bumrang/PongOut/CMakeFiles/CompilerIdCXX/a.out"

Determining if the C compiler works passed with the following output:
Change Dir: /home/bumrang/PongOut/CMakeFiles/CMakeTmp

Run Build Command:/usr/bin/make "cmTryCompileExec1264129401/fast"
/usr/bin/make -f CMakeFiles/cmTryCompileExec1264129401.dir/build.make CMakeFiles/cmTryCompileExec1264129401.dir/build
make[1]: Entering directory `/home/bumrang/PongOut/CMakeFiles/CMakeTmp'
/usr/bin/cmake -E cmake_progress_report /home/bumrang/PongOut/CMakeFiles/CMakeTmp/CMakeFiles 1
Building C object CMakeFiles/cmTryCompileExec1264129401.dir/testCCompiler.c.o
/usr/bin/gcc    -o CMakeFiles/cmTryCompileExec1264129401.dir/testCCompiler.c.o   -c /home/bumrang/PongOut/CMakeFiles/CMakeTmp/testCCompiler.c
Linking C executable cmTryCompileExec1264129401
/usr/bin/cmake -E cmake_link_script CMakeFiles/cmTryCompileExec1264129401.dir/link.txt --verbose=1
/usr/bin/gcc         CMakeFiles/cmTryCompileExec1264129401.dir/testCCompiler.c.o  -o cmTryCompileExec1264129401 -rdynamic 
make[1]: Leaving directory `/home/bumrang/PongOut/CMakeFiles/CMakeTmp'


Detecting C compiler ABI info compiled with the following output:
Change Dir: /home/bumrang/PongOut/CMakeFiles/CMakeTmp

Run Build Command:/usr/bin/make "cmTryCompileExec334118741/fast"
/usr/bin/make -f CMakeFiles/cmTryCompileExec334118741.dir/build.make CMakeFiles/cmTryCompileExec334118741.dir/build
make[1]: Entering directory `/home/bumrang/PongOut/CMakeFiles/CMakeTmp'
/usr/bin/cmake -E cmake_progress_report /home/bumrang/PongOut/CMakeFiles/CMakeTmp/CMakeFiles 1
Building C object CMakeFiles/cmTryCompileExec334118741.dir/CMakeCCompilerABI.c.o
/usr/bin/gcc    -o CMakeFiles/cmTryCompileExec334118741.dir/CMakeCCompilerABI.c.o   -c /usr/share/cmake-2.8/Modules/CMakeCCompilerABI.c
Linking C executable cmTryCompileExec334118741
/usr/bin/cmake -E cmake_link_script CMakeFiles/cmTryCompileExec334118741.dir/link.txt --verbose=1
/usr/bin/gcc       -v CMakeFiles/cmTryCompileExec334118741.dir/CMakeCCompilerABI.c.o  -o cmTryCompileExec334118741 -rdynamic  
Using built-in specs.
COLLECT_GCC=/usr/bin/gcc
COLLECT_LTO_WRAPPER=/usr/lib/gcc/x86_64-unknown-linux-gnu/4.7.0/lto-wrapper
Target: x86_64-unknown-linux-gnu
Configured with: /build/src/gcc-4.7-20120505/configure --prefix=/usr --libdir=/usr/lib --libexecdir=/usr/lib --mandir=/usr/share/man --infodir=/usr/share/info --with-bugurl=https://bugs.archlinux.org/ --enable-languages=c,c++,ada,fortran,go,lto,objc,obj-c++ --enable-shared --enable-threads=posix --with-system-zlib --enable-__cxa_atexit --disable-libunwind-exceptions --enable-clocale=gnu --disable-libstdcxx-pch --enable-libstdcxx-time --enable-gnu-unique-object --enable-linker-build-id --with-ppl --enable-cloog-backend=isl --enable-lto --enable-gold --enable-ld=default --enable-plugin --with-plugin-ld=ld.gold --with-linker-hash-style=gnu --disable-multilib --disable-libssp --disable-build-with-cxx --disable-build-poststage1-with-cxx --enable-checking=release
Thread model: posix
gcc version 4.7.0 20120505 (prerelease) (GCC) 
COMPILER_PATH=/usr/lib/gcc/x86_64-unknown-linux-gnu/4.7.0/:/usr/lib/gcc/x86_64-unknown-linux-gnu/4.7.0/:/usr/lib/gcc/x86_64-unknown-linux-gnu/:/usr/lib/gcc/x86_64-unknown-linux-gnu/4.7.0/:/usr/lib/gcc/x86_64-unknown-linux-gnu/
LIBRARY_PATH=/usr/lib/gcc/x86_64-unknown-linux-gnu/4.7.0/:/usr/lib/gcc/x86_64-unknown-linux-gnu/4.7.0/../../../../lib/:/lib/../lib/:/usr/lib/../lib/:/usr/lib/gcc/x86_64-unknown-linux-gnu/4.7.0/../../../:/lib/:/usr/lib/
COLLECT_GCC_OPTIONS='-v' '-o' 'cmTryCompileExec334118741' '-rdynamic' '-mtune=generic' '-march=x86-64'
 /usr/lib/gcc/x86_64-unknown-linux-gnu/4.7.0/collect2 --build-id --eh-frame-hdr --hash-style=gnu -m elf_x86_64 -export-dynamic -dynamic-linker /lib/ld-linux-x86-64.so.2 -o cmTryCompileExec334118741 /usr/lib/gcc/x86_64-unknown-linux-gnu/4.7.0/../../../../lib/crt1.o /usr/lib/gcc/x86_64-unknown-linux-gnu/4.7.0/../../../../lib/crti.o /usr/lib/gcc/x86_64-unknown-linux-gnu/4.7.0/crtbegin.o -L/usr/lib/gcc/x86_64-unknown-linux-gnu/4.7.0 -L/usr/lib/gcc/x86_64-unknown-linux-gnu/4.7.0/../../../../lib -L/lib/../lib -L/usr/lib/../lib -L/usr/lib/gcc/x86_64-unknown-linux-gnu/4.7.0/../../.. CMakeFiles/cmTryCompileExec334118741.dir/CMakeCCompilerABI.c.o -lgcc --as-needed -lgcc_s --no-as-needed -lc -lgcc --as-needed -lgcc_s --no-as-needed /usr/lib/gcc/x86_64-unknown-linux-gnu/4.7.0/crtend.o /usr/lib/gcc/x86_64-unknown-linux-gnu/4.7.0/../../../../lib/crtn.o
make[1]: Leaving directory `/home/bumrang/PongOut/CMakeFiles/CMakeTmp'


Parsed C implicit link information from above output:
  link line regex: [^( *|.*[/\])(ld|ld|collect2)[^/\]*( |$)]
  ignore line: [Change Dir: /home/bumrang/PongOut/CMakeFiles/CMakeTmp]
  ignore line: []
  ignore line: [Run Build Command:/usr/bin/make "cmTryCompileExec334118741/fast"]
  ignore line: [/usr/bin/make -f CMakeFiles/cmTryCompileExec334118741.dir/build.make CMakeFiles/cmTryCompileExec334118741.dir/build]
  ignore line: [make[1]: Entering directory `/home/bumrang/PongOut/CMakeFiles/CMakeTmp']
  ignore line: [/usr/bin/cmake -E cmake_progress_report /home/bumrang/PongOut/CMakeFiles/CMakeTmp/CMakeFiles 1]
  ignore line: [Building C object CMakeFiles/cmTryCompileExec334118741.dir/CMakeCCompilerABI.c.o]
  ignore line: [/usr/bin/gcc    -o CMakeFiles/cmTryCompileExec334118741.dir/CMakeCCompilerABI.c.o   -c /usr/share/cmake-2.8/Modules/CMakeCCompilerABI.c]
  ignore line: [Linking C executable cmTryCompileExec334118741]
  ignore line: [/usr/bin/cmake -E cmake_link_script CMakeFiles/cmTryCompileExec334118741.dir/link.txt --verbose=1]
  ignore line: [/usr/bin/gcc       -v CMakeFiles/cmTryCompileExec334118741.dir/CMakeCCompilerABI.c.o  -o cmTryCompileExec334118741 -rdynamic  ]
  ignore line: [Using built-in specs.]
  ignore line: [COLLECT_GCC=/usr/bin/gcc]
  ignore line: [COLLECT_LTO_WRAPPER=/usr/lib/gcc/x86_64-unknown-linux-gnu/4.7.0/lto-wrapper]
  ignore line: [Target: x86_64-unknown-linux-gnu]
  ignore line: [Configured with: /build/src/gcc-4.7-20120505/configure --prefix=/usr --libdir=/usr/lib --libexecdir=/usr/lib --mandir=/usr/share/man --infodir=/usr/share/info --with-bugurl=https://bugs.archlinux.org/ --enable-languages=c,c++,ada,fortran,go,lto,objc,obj-c++ --enable-shared --enable-threads=posix --with-system-zlib --enable-__cxa_atexit --disable-libunwind-exceptions --enable-clocale=gnu --disable-libstdcxx-pch --enable-libstdcxx-time --enable-gnu-unique-object --enable-linker-build-id --with-ppl --enable-cloog-backend=isl --enable-lto --enable-gold --enable-ld=default --enable-plugin --with-plugin-ld=ld.gold --with-linker-hash-style=gnu --disable-multilib --disable-libssp --disable-build-with-cxx --disable-build-poststage1-with-cxx --enable-checking=release]
  ignore line: [Thread model: posix]
  ignore line: [gcc version 4.7.0 20120505 (prerelease) (GCC) ]
  ignore line: [COMPILER_PATH=/usr/lib/gcc/x86_64-unknown-linux-gnu/4.7.0/:/usr/lib/gcc/x86_64-unknown-linux-gnu/4.7.0/:/usr/lib/gcc/x86_64-unknown-linux-gnu/:/usr/lib/gcc/x86_64-unknown-linux-gnu/4.7.0/:/usr/lib/gcc/x86_64-unknown-linux-gnu/]
  ignore line: [LIBRARY_PATH=/usr/lib/gcc/x86_64-unknown-linux-gnu/4.7.0/:/usr/lib/gcc/x86_64-unknown-linux-gnu/4.7.0/../../../../lib/:/lib/../lib/:/usr/lib/../lib/:/usr/lib/gcc/x86_64-unknown-linux-gnu/4.7.0/../../../:/lib/:/usr/lib/]
  ignore line: [COLLECT_GCC_OPTIONS='-v' '-o' 'cmTryCompileExec334118741' '-rdynamic' '-mtune=generic' '-march=x86-64']
  link line: [ /usr/lib/gcc/x86_64-unknown-linux-gnu/4.7.0/collect2 --build-id --eh-frame-hdr --hash-style=gnu -m elf_x86_64 -export-dynamic -dynamic-linker /lib/ld-linux-x86-64.so.2 -o cmTryCompileExec334118741 /usr/lib/gcc/x86_64-unknown-linux-gnu/4.7.0/../../../../lib/crt1.o /usr/lib/gcc/x86_64-unknown-linux-gnu/4.7.0/../../../../lib/crti.o /usr/lib/gcc/x86_64-unknown-linux-gnu/4.7.0/crtbegin.o -L/usr/lib/gcc/x86_64-unknown-linux-gnu/4.7.0 -L/usr/lib/gcc/x86_64-unknown-linux-gnu/4.7.0/../../../../lib -L/lib/../lib -L/usr/lib/../lib -L/usr/lib/gcc/x86_64-unknown-linux-gnu/4.7.0/../../.. CMakeFiles/cmTryCompileExec334118741.dir/CMakeCCompilerABI.c.o -lgcc --as-needed -lgcc_s --no-as-needed -lc -lgcc --as-needed -lgcc_s --no-as-needed /usr/lib/gcc/x86_64-unknown-linux-gnu/4.7.0/crtend.o /usr/lib/gcc/x86_64-unknown-linux-gnu/4.7.0/../../../../lib/crtn.o]
    arg [/usr/lib/gcc/x86_64-unknown-linux-gnu/4.7.0/collect2] ==> ignore
    arg [--build-id] ==> ignore
    arg [--eh-frame-hdr] ==> ignore
    arg [--hash-style=gnu] ==> ignore
    arg [-m] ==> ignore
    arg [elf_x86_64] ==> ignore
    arg [-export-dynamic] ==> ignore
    arg [-dynamic-linker] ==> ignore
    arg [/lib/ld-linux-x86-64.so.2] ==> ignore
    arg [-o] ==> ignore
    arg [cmTryCompileExec334118741] ==> ignore
    arg [/usr/lib/gcc/x86_64-unknown-linux-gnu/4.7.0/../../../../lib/crt1.o] ==> ignore
    arg [/usr/lib/gcc/x86_64-unknown-linux-gnu/4.7.0/../../../../lib/crti.o] ==> ignore
    arg [/usr/lib/gcc/x86_64-unknown-linux-gnu/4.7.0/crtbegin.o] ==> ignore
    arg [-L/usr/lib/gcc/x86_64-unknown-linux-gnu/4.7.0] ==> dir [/usr/lib/gcc/x86_64-unknown-linux-gnu/4.7.0]
    arg [-L/usr/lib/gcc/x86_64-unknown-linux-gnu/4.7.0/../../../../lib] ==> dir [/usr/lib/gcc/x86_64-unknown-linux-gnu/4.7.0/../../../../lib]
    arg [-L/lib/../lib] ==> dir [/lib/../lib]
    arg [-L/usr/lib/../lib] ==> dir [/usr/lib/../lib]
    arg [-L/usr/lib/gcc/x86_64-unknown-linux-gnu/4.7.0/../../..] ==> dir [/usr/lib/gcc/x86_64-unknown-linux-gnu/4.7.0/../../..]
    arg [CMakeFiles/cmTryCompileExec334118741.dir/CMakeCCompilerABI.c.o] ==> ignore
    arg [-lgcc] ==> lib [gcc]
    arg [--as-needed] ==> ignore
    arg [-lgcc_s] ==> lib [gcc_s]
    arg [--no-as-needed] ==> ignore
    arg [-lc] ==> lib [c]
    arg [-lgcc] ==> lib [gcc]
    arg [--as-needed] ==> ignore
    arg [-lgcc_s] ==> lib [gcc_s]
    arg [--no-as-needed] ==> ignore
    arg [/usr/lib/gcc/x86_64-unknown-linux-gnu/4.7.0/crtend.o] ==> ignore
    arg [/usr/lib/gcc/x86_64-unknown-linux-gnu/4.7.0/../../../../lib/crtn.o] ==> ignore
  remove lib [gcc]
  remove lib [gcc_s]
  remove lib [gcc]
  remove lib [gcc_s]
  collapse dir [/usr/lib/gcc/x86_64-unknown-linux-gnu/4.7.0] ==> [/usr/lib/gcc/x86_64-unknown-linux-gnu/4.7.0]
  collapse dir [/usr/lib/gcc/x86_64-unknown-linux-gnu/4.7.0/../../../../lib] ==> [/usr/lib]
  collapse dir [/lib/../lib] ==> [/lib]
  collapse dir [/usr/lib/../lib] ==> [/usr/lib]
  collapse dir [/usr/lib/gcc/x86_64-unknown-linux-gnu/4.7.0/../../..] ==> [/usr/lib]
  implicit libs: [c]
  implicit dirs: [/usr/lib/gcc/x86_64-unknown-linux-gnu/4.7.0;/usr/lib;/lib]


Determining if the CXX compiler works passed with the following output:
Change Dir: /home/bumrang/PongOut/CMakeFiles/CMakeTmp

Run Build Command:/usr/bin/make "cmTryCompileExec861162146/fast"
/usr/bin/make -f CMakeFiles/cmTryCompileExec861162146.dir/build.make CMakeFiles/cmTryCompileExec861162146.dir/build
make[1]: Entering directory `/home/bumrang/PongOut/CMakeFiles/CMakeTmp'
/usr/bin/cmake -E cmake_progress_report /home/bumrang/PongOut/CMakeFiles/CMakeTmp/CMakeFiles 1
Building CXX object CMakeFiles/cmTryCompileExec861162146.dir/testCXXCompiler.cxx.o
/usr/bin/c++     -o CMakeFiles/cmTryCompileExec861162146.dir/testCXXCompiler.cxx.o -c /home/bumrang/PongOut/CMakeFiles/CMakeTmp/testCXXCompiler.cxx
Linking CXX executable cmTryCompileExec861162146
/usr/bin/cmake -E cmake_link_script CMakeFiles/cmTryCompileExec861162146.dir/link.txt --verbose=1
/usr/bin/c++          CMakeFiles/cmTryCompileExec861162146.dir/testCXXCompiler.cxx.o  -o cmTryCompileExec861162146 -rdynamic 
make[1]: Leaving directory `/home/bumrang/PongOut/CMakeFiles/CMakeTmp'


Detecting CXX compiler ABI info compiled with the following output:
Change Dir: /home/bumrang/PongOut/CMakeFiles/CMakeTmp

Run Build Command:/usr/bin/make "cmTryCompileExec2500630200/fast"
/usr/bin/make -f CMakeFiles/cmTryCompileExec2500630200.dir/build.make CMakeFiles/cmTryCompileExec2500630200.dir/build
make[1]: Entering directory `/home/bumrang/PongOut/CMakeFiles/CMakeTmp'
/usr/bin/cmake -E cmake_progress_report /home/bumrang/PongOut/CMakeFiles/CMakeTmp/CMakeFiles 1
Building CXX object CMakeFiles/cmTryCompileExec2500630200.dir/CMakeCXXCompilerABI.cpp.o
/usr/bin/c++     -o CMakeFiles/cmTryCompileExec2500630200.dir/CMakeCXXCompilerABI.cpp.o -c /usr/share/cmake-2.8/Modules/CMakeCXXCompilerABI.cpp
Linking CXX executable cmTryCompileExec2500630200
/usr/bin/cmake -E cmake_link_script CMakeFiles/cmTryCompileExec2500630200.dir/link.txt --verbose=1
/usr/bin/c++        -v CMakeFiles/cmTryCompileExec2500630200.dir/CMakeCXXCompilerABI.cpp.o  -o cmTryCompileExec2500630200 -rdynamic  
Using built-in specs.
COLLECT_GCC=/usr/bin/c++
COLLECT_LTO_WRAPPER=/usr/lib/gcc/x86_64-unknown-linux-gnu/4.7.0/lto-wrapper
Target: x86_64-unknown-linux-gnu
Configured with: /build/src/gcc-4.7-20120505/configure --prefix=/usr --libdir=/usr/lib --libexecdir=/usr/lib --mandir=/usr/share/man --infodir=/usr/share/info --with-bugurl=https://bugs.archlinux.org/ --enable-languages=c,c++,ada,fortran,go,lto,objc,obj-c++ --enable-shared --enable-threads=posix --with-system-zlib --enable-__cxa_atexit --disable-libunwind-exceptions --enable-clocale=gnu --disable-libstdcxx-pch --enable-libstdcxx-time --enable-gnu-unique-object --enable-linker-build-id --with-ppl --enable-cloog-backend=isl --enable-lto --enable-gold --enable-ld=default --enable-plugin --with-plugin-ld=ld.gold --with-linker-hash-style=gnu --disable-multilib --disable-libssp --disable-build-with-cxx --disable-build-poststage1-with-cxx --enable-checking=release
Thread model: posix
gcc version 4.7.0 20120505 (prerelease) (GCC) 
COMPILER_PATH=/usr/lib/gcc/x86_64-unknown-linux-gnu/4.7.0/:/usr/lib/gcc/x86_64-unknown-linux-gnu/4.7.0/:/usr/lib/gcc/x86_64-unknown-linux-gnu/:/usr/lib/gcc/x86_64-unknown-linux-gnu/4.7.0/:/usr/lib/gcc/x86_64-unknown-linux-gnu/
LIBRARY_PATH=/usr/lib/gcc/x86_64-unknown-linux-gnu/4.7.0/:/usr/lib/gcc/x86_64-unknown-linux-gnu/4.7.0/../../../../lib/:/lib/../lib/:/usr/lib/../lib/:/usr/lib/gcc/x86_64-unknown-linux-gnu/4.7.0/../../../:/lib/:/usr/lib/
COLLECT_GCC_OPTIONS='-v' '-o' 'cmTryCompileExec2500630200' '-rdynamic' '-shared-libgcc' '-mtune=generic' '-march=x86-64'
 /usr/lib/gcc/x86_64-unknown-linux-gnu/4.7.0/collect2 --build-id --eh-frame-hdr --hash-style=gnu -m elf_x86_64 -export-dynamic -dynamic-linker /lib/ld-linux-x86-64.so.2 -o cmTryCompileExec2500630200 /usr/lib/gcc/x86_64-unknown-linux-gnu/4.7.0/../../../../lib/crt1.o /usr/lib/gcc/x86_64-unknown-linux-gnu/4.7.0/../../../../lib/crti.o /usr/lib/gcc/x86_64-unknown-linux-gnu/4.7.0/crtbegin.o -L/usr/lib/gcc/x86_64-unknown-linux-gnu/4.7.0 -L/usr/lib/gcc/x86_64-unknown-linux-gnu/4.7.0/../../../../lib -L/lib/../lib -L/usr/lib/../lib -L/usr/lib/gcc/x86_64-unknown-linux-gnu/4.7.0/../../.. CMakeFiles/cmTryCompileExec2500630200.dir/CMakeCXXCompilerABI.cpp.o -lstdc++ -lm -lgcc_s -lgcc -lc -lgcc_s -lgcc /usr/lib/gcc/x86_64-unknown-linux-gnu/4.7.0/crtend.o /usr/lib/gcc/x86_64-unknown-linux-gnu/4.7.0/../../../../lib/crtn.o
make[1]: Leaving directory `/home/bumrang/PongOut/CMakeFiles/CMakeTmp'


Parsed CXX implicit link information from above output:
  link line regex: [^( *|.*[/\])(ld|ld|collect2)[^/\]*( |$)]
  ignore line: [Change Dir: /home/bumrang/PongOut/CMakeFiles/CMakeTmp]
  ignore line: []
  ignore line: [Run Build Command:/usr/bin/make "cmTryCompileExec2500630200/fast"]
  ignore line: [/usr/bin/make -f CMakeFiles/cmTryCompileExec2500630200.dir/build.make CMakeFiles/cmTryCompileExec2500630200.dir/build]
  ignore line: [make[1]: Entering directory `/home/bumrang/PongOut/CMakeFiles/CMakeTmp']
  ignore line: [/usr/bin/cmake -E cmake_progress_report /home/bumrang/PongOut/CMakeFiles/CMakeTmp/CMakeFiles 1]
  ignore line: [Building CXX object CMakeFiles/cmTryCompileExec2500630200.dir/CMakeCXXCompilerABI.cpp.o]
  ignore line: [/usr/bin/c++     -o CMakeFiles/cmTryCompileExec2500630200.dir/CMakeCXXCompilerABI.cpp.o -c /usr/share/cmake-2.8/Modules/CMakeCXXCompilerABI.cpp]
  ignore line: [Linking CXX executable cmTryCompileExec2500630200]
  ignore line: [/usr/bin/cmake -E cmake_link_script CMakeFiles/cmTryCompileExec2500630200.dir/link.txt --verbose=1]
  ignore line: [/usr/bin/c++        -v CMakeFiles/cmTryCompileExec2500630200.dir/CMakeCXXCompilerABI.cpp.o  -o cmTryCompileExec2500630200 -rdynamic  ]
  ignore line: [Using built-in specs.]
  ignore line: [COLLECT_GCC=/usr/bin/c++]
  ignore line: [COLLECT_LTO_WRAPPER=/usr/lib/gcc/x86_64-unknown-linux-gnu/4.7.0/lto-wrapper]
  ignore line: [Target: x86_64-unknown-linux-gnu]
  ignore line: [Configured with: /build/src/gcc-4.7-20120505/configure --prefix=/usr --libdir=/usr/lib --libexecdir=/usr/lib --mandir=/usr/share/man --infodir=/usr/share/info --with-bugurl=https://bugs.archlinux.org/ --enable-languages=c,c++,ada,fortran,go,lto,objc,obj-c++ --enable-shared --enable-threads=posix --with-system-zlib --enable-__cxa_atexit --disable-libunwind-exceptions --enable-clocale=gnu --disable-libstdcxx-pch --enable-libstdcxx-time --enable-gnu-unique-object --enable-linker-build-id --with-ppl --enable-cloog-backend=isl --enable-lto --enable-gold --enable-ld=default --enable-plugin --with-plugin-ld=ld.gold --with-linker-hash-style=gnu --disable-multilib --disable-libssp --disable-build-with-cxx --disable-build-poststage1-with-cxx --enable-checking=release]
  ignore line: [Thread model: posix]
  ignore line: [gcc version 4.7.0 20120505 (prerelease) (GCC) ]
  ignore line: [COMPILER_PATH=/usr/lib/gcc/x86_64-unknown-linux-gnu/4.7.0/:/usr/lib/gcc/x86_64-unknown-linux-gnu/4.7.0/:/usr/lib/gcc/x86_64-unknown-linux-gnu/:/usr/lib/gcc/x86_64-unknown-linux-gnu/4.7.0/:/usr/lib/gcc/x86_64-unknown-linux-gnu/]
  ignore line: [LIBRARY_PATH=/usr/lib/gcc/x86_64-unknown-linux-gnu/4.7.0/:/usr/lib/gcc/x86_64-unknown-linux-gnu/4.7.0/../../../../lib/:/lib/../lib/:/usr/lib/../lib/:/usr/lib/gcc/x86_64-unknown-linux-gnu/4.7.0/../../../:/lib/:/usr/lib/]
  ignore line: [COLLECT_GCC_OPTIONS='-v' '-o' 'cmTryCompileExec2500630200' '-rdynamic' '-shared-libgcc' '-mtune=generic' '-march=x86-64']
  link line: [ /usr/lib/gcc/x86_64-unknown-linux-gnu/4.7.0/collect2 --build-id --eh-frame-hdr --hash-style=gnu -m elf_x86_64 -export-dynamic -dynamic-linker /lib/ld-linux-x86-64.so.2 -o cmTryCompileExec2500630200 /usr/lib/gcc/x86_64-unknown-linux-gnu/4.7.0/../../../../lib/crt1.o /usr/lib/gcc/x86_64-unknown-linux-gnu/4.7.0/../../../../lib/crti.o /usr/lib/gcc/x86_64-unknown-linux-gnu/4.7.0/crtbegin.o -L/usr/lib/gcc/x86_64-unknown-linux-gnu/4.7.0 -L/usr/lib/gcc/x86_64-unknown-linux-gnu/4.7.0/../../../../lib -L/lib/../lib -L/usr/lib/../lib -L/usr/lib/gcc/x86_64-unknown-linux-gnu/4.7.0/../../.. CMakeFiles/cmTryCompileExec2500630200.dir/CMakeCXXCompilerABI.cpp.o -lstdc++ -lm -lgcc_s -lgcc -lc -lgcc_s -lgcc /usr/lib/gcc/x86_64-unknown-linux-gnu/4.7.0/crtend.o /usr/lib/gcc/x86_64-unknown-linux-gnu/4.7.0/../../../../lib/crtn.o]
    arg [/usr/lib/gcc/x86_64-unknown-linux-gnu/4.7.0/collect2] ==> ignore
    arg [--build-id] ==> ignore
    arg [--eh-frame-hdr] ==> ignore
    arg [--hash-style=gnu] ==> ignore
    arg [-m] ==> ignore
    arg [elf_x86_64] ==> ignore
    arg [-export-dynamic] ==> ignore
    arg [-dynamic-linker] ==> ignore
    arg [/lib/ld-linux-x86-64.so.2] ==> ignore
    arg [-o] ==> ignore
    arg [cmTryCompileExec2500630200] ==> ignore
    arg [/usr/lib/gcc/x86_64-unknown-linux-gnu/4.7.0/../../../../lib/crt1.o] ==> ignore
    arg [/usr/lib/gcc/x86_64-unknown-linux-gnu/4.7.0/../../../../lib/crti.o] ==> ignore
    arg [/usr/lib/gcc/x86_64-unknown-linux-gnu/4.7.0/crtbegin.o] ==> ignore
    arg [-L/usr/lib/gcc/x86_64-unknown-linux-gnu/4.7.0] ==> dir [/usr/lib/gcc/x86_64-unknown-linux-gnu/4.7.0]
    arg [-L/usr/lib/gcc/x86_64-unknown-linux-gnu/4.7.0/../../../../lib] ==> dir [/usr/lib/gcc/x86_64-unknown-linux-gnu/4.7.0/../../../../lib]
    arg [-L/lib/../lib] ==> dir [/lib/../lib]
    arg [-L/usr/lib/../lib] ==> dir [/usr/lib/../lib]
    arg [-L/usr/lib/gcc/x86_64-unknown-linux-gnu/4.7.0/../../..] ==> dir [/usr/lib/gcc/x86_64-unknown-linux-gnu/4.7.0/../../..]
    arg [CMakeFiles/cmTryCompileExec2500630200.dir/CMakeCXXCompilerABI.cpp.o] ==> ignore
    arg [-lstdc++] ==> lib [stdc++]
    arg [-lm] ==> lib [m]
    arg [-lgcc_s] ==> lib [gcc_s]
    arg [-lgcc] ==> lib [gcc]
    arg [-lc] ==> lib [c]
    arg [-lgcc_s] ==> lib [gcc_s]
    arg [-lgcc] ==> lib [gcc]
    arg [/usr/lib/gcc/x86_64-unknown-linux-gnu/4.7.0/crtend.o] ==> ignore
    arg [/usr/lib/gcc/x86_64-unknown-linux-gnu/4.7.0/../../../../lib/crtn.o] ==> ignore
  remove lib [gcc_s]
  remove lib [gcc]
  remove lib [gcc_s]
  remove lib [gcc]
  collapse dir [/usr/lib/gcc/x86_64-unknown-linux-gnu/4.7.0] ==> [/usr/lib/gcc/x86_64-unknown-linux-gnu/4.7.0]
  collapse dir [/usr/lib/gcc/x86_64-unknown-linux-gnu/4.7.0/../../../../lib] ==> [/usr/lib]
  collapse dir [/lib/../lib] ==> [/lib]
  collapse dir [/usr/lib/../lib] ==> [/usr/lib]
  collapse dir [/usr/lib/gcc/x86_64-unknown-linux-gnu/4.7.0/../../..] ==> [/usr/lib]
  implicit libs: [stdc++;m;c]
  implicit dirs: [/usr/lib/gcc/x86_64-unknown-linux-gnu/4.7.0;/usr/lib;/lib]


Determining if the function XOpenDisplay exists in the /usr/lib/libX11.so;/usr/lib/libXext.so passed with the following output:
Change Dir: /home/bumrang/PongOut/CMakeFiles/CMakeTmp

Run Build Command:/usr/bin/make "cmTryCompileExec961142119/fast"
/usr/bin/make -f CMakeFiles/cmTryCompileExec961142119.dir/build.make CMakeFiles/cmTryCompileExec961142119.dir/build
make[1]: Entering directory `/home/bumrang/PongOut/CMakeFiles/CMakeTmp'
/usr/bin/cmake -E cmake_progress_report /home/bumrang/PongOut/CMakeFiles/CMakeTmp/CMakeFiles 1
Building C object CMakeFiles/cmTryCompileExec961142119.dir/CheckFunctionExists.c.o
/usr/bin/gcc   -DCHECK_FUNCTION_EXISTS=XOpenDisplay   -o CMakeFiles/cmTryCompileExec961142119.dir/CheckFunctionExists.c.o   -c /usr/share/cmake-2.8/Modules/CheckFunctionExists.c
Linking C executable cmTryCompileExec961142119
/usr/bin/cmake -E cmake_link_script CMakeFiles/cmTryCompileExec961142119.dir/link.txt --verbose=1
/usr/bin/gcc     -DCHECK_FUNCTION_EXISTS=XOpenDisplay    CMakeFiles/cmTryCompileExec961142119.dir/CheckFunctionExists.c.o  -o cmTryCompileExec961142119 -rdynamic -lX11 -lXext 
make[1]: Leaving directory `/home/bumrang/PongOut/CMakeFiles/CMakeTmp'


Determining if the function gethostbyname exists passed with the following output:
Change Dir: /home/bumrang/PongOut/CMakeFiles/CMakeTmp

Run Build Command:/usr/bin/make "cmTryCompileExec2920043513/fast"
/usr/bin/make -f CMakeFiles/cmTryCompileExec2920043513.dir/build.make CMakeFiles/cmTryCompileExec2920043513.dir/build
make[1]: Entering directory `/home/bumrang/PongOut/CMakeFiles/CMakeTmp'
/usr/bin/cmake -E cmake_progress_report /home/bumrang/PongOut/CMakeFiles/CMakeTmp/CMakeFiles 1
Building C object CMakeFiles/cmTryCompileExec2920043513.dir/CheckFunctionExists.c.o
/usr/bin/gcc   -DCHECK_FUNCTION_EXISTS=gethostbyname   -o CMakeFiles/cmTryCompileExec2920043513.dir/CheckFunctionExists.c.o   -c /usr/share/cmake-2.8/Modules/CheckFunctionExists.c
Linking C executable cmTryCompileExec2920043513
/usr/bin/cmake -E cmake_link_script CMakeFiles/cmTryCompileExec2920043513.dir/link.txt --verbose=1
/usr/bin/gcc     -DCHECK_FUNCTION_EXISTS=gethostbyname    CMakeFiles/cmTryCompileExec2920043513.dir/CheckFunctionExists.c.o  -o cmTryCompileExec2920043513 -rdynamic 
make[1]: Leaving directory `/home/bumrang/PongOut/CMakeFiles/CMakeTmp'


Determining if the function connect exists passed with the following output:
Change Dir: /home/bumrang/PongOut/CMakeFiles/CMakeTmp

Run Build Command:/usr/bin/make "cmTryCompileExec260477966/fast"
/usr/bin/make -f CMakeFiles/cmTryCompileExec260477966.dir/build.make CMakeFiles/cmTryCompileExec260477966.dir/build
make[1]: Entering directory `/home/bumrang/PongOut/CMakeFiles/CMakeTmp'
/usr/bin/cmake -E cmake_progress_report /home/bumrang/PongOut/CMakeFiles/CMakeTmp/CMakeFiles 1
Building C object CMakeFiles/cmTryCompileExec260477966.dir/CheckFunctionExists.c.o
/usr/bin/gcc   -DCHECK_FUNCTION_EXISTS=connect   -o CMakeFiles/cmTryCompileExec260477966.dir/CheckFunctionExists.c.o   -c /usr/share/cmake-2.8/Modules/CheckFunctionExists.c
Linking C executable cmTryCompileExec260477966
/usr/bin/cmake -E cmake_link_script CMakeFiles/cmTryCompileExec260477966.dir/link.txt --verbose=1
/usr/bin/gcc     -DCHECK_FUNCTION_EXISTS=connect    CMakeFiles/cmTryCompileExec260477966.dir/CheckFunctionExists.c.o  -o cmTryCompileExec260477966 -rdynamic 
make[1]: Leaving directory `/home/bumrang/PongOut/CMakeFiles/CMakeTmp'


Determining if the function remove exists passed with the following output:
Change Dir: /home/bumrang/PongOut/CMakeFiles/CMakeTmp

Run Build Command:/usr/bin/make "cmTryCompileExec2901881240/fast"
/usr/bin/make -f CMakeFiles/cmTryCompileExec2901881240.dir/build.make CMakeFiles/cmTryCompileExec2901881240.dir/build
make[1]: Entering directory `/home/bumrang/PongOut/CMakeFiles/CMakeTmp'
/usr/bin/cmake -E cmake_progress_report /home/bumrang/PongOut/CMakeFiles/CMakeTmp/CMakeFiles 1
Building C object CMakeFiles/cmTryCompileExec2901881240.dir/CheckFunctionExists.c.o
/usr/bin/gcc   -DCHECK_FUNCTION_EXISTS=remove   -o CMakeFiles/cmTryCompileExec2901881240.dir/CheckFunctionExists.c.o   -c /usr/share/cmake-2.8/Modules/CheckFunctionExists.c
Linking C executable cmTryCompileExec2901881240
/usr/bin/cmake -E cmake_link_script CMakeFiles/cmTryCompileExec2901881240.dir/link.txt --verbose=1
/usr/bin/gcc     -DCHECK_FUNCTION_EXISTS=remove    CMakeFiles/cmTryCompileExec2901881240.dir/CheckFunctionExists.c.o  -o cmTryCompileExec2901881240 -rdynamic 
make[1]: Leaving directory `/home/bumrang/PongOut/CMakeFiles/CMakeTmp'


Determining if the function shmat exists passed with the following output:
Change Dir: /home/bumrang/PongOut/CMakeFiles/CMakeTmp

Run Build Command:/usr/bin/make "cmTryCompileExec1059060504/fast"
/usr/bin/make -f CMakeFiles/cmTryCompileExec1059060504.dir/build.make CMakeFiles/cmTryCompileExec1059060504.dir/build
make[1]: Entering directory `/home/bumrang/PongOut/CMakeFiles/CMakeTmp'
/usr/bin/cmake -E cmake_progress_report /home/bumrang/PongOut/CMakeFiles/CMakeTmp/CMakeFiles 1
Building C object CMakeFiles/cmTryCompileExec1059060504.dir/CheckFunctionExists.c.o
/usr/bin/gcc   -DCHECK_FUNCTION_EXISTS=shmat   -o CMakeFiles/cmTryCompileExec1059060504.dir/CheckFunctionExists.c.o   -c /usr/share/cmake-2.8/Modules/CheckFunctionExists.c
Linking C executable cmTryCompileExec1059060504
/usr/bin/cmake -E cmake_link_script CMakeFiles/cmTryCompileExec1059060504.dir/link.txt --verbose=1
/usr/bin/gcc     -DCHECK_FUNCTION_EXISTS=shmat    CMakeFiles/cmTryCompileExec1059060504.dir/CheckFunctionExists.c.o  -o cmTryCompileExec1059060504 -rdynamic 
make[1]: Leaving directory `/home/bumrang/PongOut/CMakeFiles/CMakeTmp'


Determining if the function IceConnectionNumber exists in the ICE passed with the following output:
Change Dir: /home/bumrang/PongOut/CMakeFiles/CMakeTmp

Run Build Command:/usr/bin/make "cmTryCompileExec3223665715/fast"
/usr/bin/make -f CMakeFiles/cmTryCompileExec3223665715.dir/build.make CMakeFiles/cmTryCompileExec3223665715.dir/build
make[1]: Entering directory `/home/bumrang/PongOut/CMakeFiles/CMakeTmp'
/usr/bin/cmake -E cmake_progress_report /home/bumrang/PongOut/CMakeFiles/CMakeTmp/CMakeFiles 1
Building C object CMakeFiles/cmTryCompileExec3223665715.dir/CheckFunctionExists.c.o
/usr/bin/gcc   -DCHECK_FUNCTION_EXISTS=IceConnectionNumber   -o CMakeFiles/cmTryCompileExec3223665715.dir/CheckFunctionExists.c.o   -c /usr/share/cmake-2.8/Modules/CheckFunctionExists.c
Linking C executable cmTryCompileExec3223665715
/usr/bin/cmake -E cmake_link_script CMakeFiles/cmTryCompileExec3223665715.dir/link.txt --verbose=1
/usr/bin/gcc     -DCHECK_FUNCTION_EXISTS=IceConnectionNumber    CMakeFiles/cmTryCompileExec3223665715.dir/CheckFunctionExists.c.o  -o cmTryCompileExec3223665715 -rdynamic -lICE 
make[1]: Leaving directory `/home/bumrang/PongOut/CMakeFiles/CMakeTmp'


